# JRE version: Java(TM) SE Runtime Environment (21.0.2+13) (build 21.0.2+13-LTS-58)
# Java VM: Java HotSpot(TM) 64-Bit Server VM (21.0.2+13-LTS-58, mixed mode, sharing, tiered, compressed oops, compressed class ptrs, g1 gc, windows-amd64)
GC Precious Log:
 CardTable entry size: 512
 Card Set container configuration: InlinePtr #cards 5 size 8 Array Of Cards #cards 12 size 40 Howl #buckets 4 coarsen threshold 1843 Howl Bitmap #cards 512 size 80 coarsen threshold 460 Card regions per heap region 1 cards per card region 2048
 CPUs: 8 total, 8 available
 Memory: 6058M
 Large Page Support: Disabled
 NUMA Support: Disabled
 Compressed Oops: Enabled (32-bit)
 Heap Region Size: 1M
 Heap Min Capacity: 8M
 Heap Initial Capacity: 96M
 Heap Max Capacity: 1516M
 Pre-touch: Disabled
 Parallel Workers: 8
 Concurrent Workers: 2
 Concurrent Refinement Workers: 8
 Periodic GC: Disabled
Heap:
 garbage-first heap   total 76800K, used 58371K [0x00000000a1400000, 0x0000000100000000)
  region size 1024K, 41 young (41984K), 0 survivors (0K)
 Metaspace       used 35609K, committed 36160K, reserved 1114112K
  class space    used 4151K, committed 4352K, reserved 1048576K
GC Heap History (20 events):
Event: 10.787 GC heap after
{Heap after GC invocations=5 (full 0):
 garbage-first heap   total 98304K, used 9092K [0x00000000a1400000, 0x0000000100000000)
  region size 1024K, 5 young (5120K), 5 survivors (5120K)
 Metaspace       used 16630K, committed 16960K, reserved 1114112K
  class space    used 1935K, committed 2112K, reserved 1048576K
}
Event: 11.477 GC heap before
{Heap before GC invocations=5 (full 0):
 garbage-first heap   total 98304K, used 61316K [0x00000000a1400000, 0x0000000100000000)
  region size 1024K, 57 young (58368K), 5 survivors (5120K)
 Metaspace       used 18727K, committed 19008K, reserved 1114112K
  class space    used 2140K, committed 2240K, reserved 1048576K
}
Event: 11.487 GC heap after
{Heap after GC invocations=6 (full 0):
 garbage-first heap   total 98304K, used 8879K [0x00000000a1400000, 0x0000000100000000)
  region size 1024K, 4 young (4096K), 4 survivors (4096K)
 Metaspace       used 18727K, committed 19008K, reserved 1114112K
  class space    used 2140K, committed 2240K, reserved 1048576K
}
Event: 12.214 GC heap before
{Heap before GC invocations=6 (full 0):
 garbage-first heap   total 98304K, used 63151K [0x00000000a1400000, 0x0000000100000000)
  region size 1024K, 57 young (58368K), 4 survivors (4096K)
 Metaspace       used 21020K, committed 21376K, reserved 1114112K
  class space    used 2366K, committed 2560K, reserved 1048576K
}
Event: 12.226 GC heap after
{Heap after GC invocations=7 (full 0):
 garbage-first heap   total 98304K, used 9903K [0x00000000a1400000, 0x0000000100000000)
  region size 1024K, 5 young (5120K), 5 survivors (5120K)
 Metaspace       used 21020K, committed 21376K, reserved 1114112K
  class space    used 2366K, committed 2560K, reserved 1048576K
}
Event: 12.293 GC heap before
{Heap before GC invocations=7 (full 0):
 garbage-first heap   total 98304K, used 11951K [0x00000000a1400000, 0x0000000100000000)
  region size 1024K, 9 young (9216K), 5 survivors (5120K)
 Metaspace       used 21209K, committed 21504K, reserved 1114112K
  class space    used 2383K, committed 2560K, reserved 1048576K
}
Event: 12.307 GC heap after
{Heap after GC invocations=8 (full 0):
 garbage-first heap   total 98304K, used 9931K [0x00000000a1400000, 0x0000000100000000)
  region size 1024K, 4 young (4096K), 4 survivors (4096K)
 Metaspace       used 21209K, committed 21504K, reserved 1114112K
  class space    used 2383K, committed 2560K, reserved 1048576K
}
Event: 13.178 GC heap before
{Heap before GC invocations=9 (full 0):
 garbage-first heap   total 58368K, used 57035K [0x00000000a1400000, 0x0000000100000000)
  region size 1024K, 51 young (52224K), 4 survivors (4096K)
 Metaspace       used 22793K, committed 23168K, reserved 1114112K
  class space    used 2576K, committed 2752K, reserved 1048576K
}
Event: 13.187 GC heap after
{Heap after GC invocations=10 (full 0):
 garbage-first heap   total 63488K, used 10583K [0x00000000a1400000, 0x0000000100000000)
  region size 1024K, 5 young (5120K), 5 survivors (5120K)
 Metaspace       used 22793K, committed 23168K, reserved 1114112K
  class space    used 2576K, committed 2752K, reserved 1048576K
}
Event: 14.386 GC heap before
{Heap before GC invocations=10 (full 0):
 garbage-first heap   total 63488K, used 43351K [0x00000000a1400000, 0x0000000100000000)
  region size 1024K, 37 young (37888K), 5 survivors (5120K)
 Metaspace       used 24454K, committed 24768K, reserved 1114112K
  class space    used 2781K, committed 2944K, reserved 1048576K
}
Event: 14.398 GC heap after
{Heap after GC invocations=11 (full 0):
 garbage-first heap   total 63488K, used 11720K [0x00000000a1400000, 0x0000000100000000)
  region size 1024K, 4 young (4096K), 4 survivors (4096K)
 Metaspace       used 24454K, committed 24768K, reserved 1114112K
  class space    used 2781K, committed 2944K, reserved 1048576K
}
Event: 15.640 GC heap before
{Heap before GC invocations=11 (full 0):
 garbage-first heap   total 63488K, used 45512K [0x00000000a1400000, 0x0000000100000000)
  region size 1024K, 37 young (37888K), 4 survivors (4096K)
 Metaspace       used 26334K, committed 26752K, reserved 1114112K
  class space    used 2990K, committed 3200K, reserved 1048576K
}
Event: 15.649 GC heap after
{Heap after GC invocations=12 (full 0):
 garbage-first heap   total 76800K, used 12757K [0x00000000a1400000, 0x0000000100000000)
  region size 1024K, 4 young (4096K), 4 survivors (4096K)
 Metaspace       used 26334K, committed 26752K, reserved 1114112K
  class space    used 2990K, committed 3200K, reserved 1048576K
}
Event: 17.130 GC heap before
{Heap before GC invocations=12 (full 0):
 garbage-first heap   total 76800K, used 54741K [0x00000000a1400000, 0x0000000100000000)
  region size 1024K, 45 young (46080K), 4 survivors (4096K)
 Metaspace       used 28361K, committed 28800K, reserved 1114112K
  class space    used 3230K, committed 3456K, reserved 1048576K
}
Event: 17.140 GC heap after
{Heap after GC invocations=13 (full 0):
 garbage-first heap   total 76800K, used 13648K [0x00000000a1400000, 0x0000000100000000)
  region size 1024K, 4 young (4096K), 4 survivors (4096K)
 Metaspace       used 28361K, committed 28800K, reserved 1114112K
  class space    used 3230K, committed 3456K, reserved 1048576K
}
Event: 18.497 GC heap before
{Heap before GC invocations=13 (full 0):
 garbage-first heap   total 76800K, used 55632K [0x00000000a1400000, 0x0000000100000000)
  region size 1024K, 45 young (46080K), 4 survivors (4096K)
 Metaspace       used 30667K, committed 31232K, reserved 1114112K
  class space    used 3527K, committed 3776K, reserved 1048576K
}
Event: 18.510 GC heap after
{Heap after GC invocations=14 (full 0):
 garbage-first heap   total 76800K, used 15302K [0x00000000a1400000, 0x0000000100000000)
  region size 1024K, 5 young (5120K), 5 survivors (5120K)
 Metaspace       used 30667K, committed 31232K, reserved 1114112K
  class space    used 3527K, committed 3776K, reserved 1048576K
}
Event: 19.571 GC heap before
{Heap before GC invocations=14 (full 0):
 garbage-first heap   total 76800K, used 56262K [0x00000000a1400000, 0x0000000100000000)
  region size 1024K, 45 young (46080K), 5 survivors (5120K)
 Metaspace       used 32532K, committed 33024K, reserved 1114112K
  class space    used 3747K, committed 3968K, reserved 1048576K
}
Event: 19.584 GC heap after
{Heap after GC invocations=15 (full 0):
 garbage-first heap   total 76800K, used 16387K [0x00000000a1400000, 0x0000000100000000)
  region size 1024K, 4 young (4096K), 4 survivors (4096K)
 Metaspace       used 32532K, committed 33024K, reserved 1114112K
  class space    used 3747K, committed 3968K, reserved 1048576K
}
Event: 22.466 GC heap before
{Heap before GC invocations=15 (full 0):
 garbage-first heap   total 76800K, used 58371K [0x00000000a1400000, 0x0000000100000000)
  region size 1024K, 45 young (46080K), 4 survivors (4096K)
 Metaspace       used 35609K, committed 36160K, reserved 1114112K
  class space    used 4151K, committed 4352K, reserved 1048576K
}

